{"C:\\Estudos\\algoritmosAvancados\\backend\\src\\models\\Teclado.js": {"path":"C:\\Estudos\\algoritmosAvancados\\backend\\src\\models\\Teclado.js","statementMap":{"0":{"start":{"line":2,"column":24},"end":{"line":2,"column":25}},"1":{"start":{"line":3,"column":20},"end":{"line":3,"column":22}},"2":{"start":{"line":6,"column":8},"end":{"line":9,"column":9}},"3":{"start":{"line":7,"column":12},"end":{"line":7,"column":32}},"4":{"start":{"line":8,"column":12},"end":{"line":8,"column":43}},"5":{"start":{"line":11,"column":8},"end":{"line":11,"column":26}},"6":{"start":{"line":12,"column":8},"end":{"line":12,"column":27}},"7":{"start":{"line":16,"column":22},"end":{"line":16,"column":52}},"8":{"start":{"line":18,"column":8},"end":{"line":18,"column":48}},"9":{"start":{"line":18,"column":27},"end":{"line":18,"column":46}},"10":{"start":{"line":20,"column":21},"end":{"line":20,"column":23}},"11":{"start":{"line":22,"column":8},"end":{"line":30,"column":9}},"12":{"start":{"line":22,"column":21},"end":{"line":22,"column":22}},"13":{"start":{"line":23,"column":21},"end":{"line":23,"column":35}},"14":{"start":{"line":24,"column":21},"end":{"line":24,"column":39}},"15":{"start":{"line":26,"column":12},"end":{"line":29,"column":15}},"16":{"start":{"line":32,"column":8},"end":{"line":32,"column":29}},"17":{"start":{"line":33,"column":8},"end":{"line":33,"column":22}},"18":{"start":{"line":37,"column":0},"end":{"line":37,"column":44}}},"fnMap":{"0":{"name":"(anonymous_0)","decl":{"start":{"line":5,"column":4},"end":{"line":5,"column":5}},"loc":{"start":{"line":5,"column":26},"end":{"line":13,"column":5}},"line":5},"1":{"name":"(anonymous_1)","decl":{"start":{"line":15,"column":4},"end":{"line":15,"column":5}},"loc":{"start":{"line":15,"column":30},"end":{"line":34,"column":5}},"line":15},"2":{"name":"(anonymous_2)","decl":{"start":{"line":18,"column":21},"end":{"line":18,"column":22}},"loc":{"start":{"line":18,"column":27},"end":{"line":18,"column":46}},"line":18}},"branchMap":{"0":{"loc":{"start":{"line":6,"column":8},"end":{"line":9,"column":9}},"type":"if","locations":[{"start":{"line":6,"column":8},"end":{"line":9,"column":9}},{"start":{},"end":{}}],"line":6}},"s":{"0":1,"1":1,"2":3,"3":1,"4":1,"5":2,"6":2,"7":4,"8":4,"9":86,"10":4,"11":4,"12":4,"13":20,"14":20,"15":20,"16":4,"17":4,"18":1},"f":{"0":3,"1":4,"2":86},"b":{"0":[1,2]},"_coverageSchema":"1a1c01bbd47fc00a2c39e90264f33305004495a9","hash":"ad94f011ddfd903cc0accdd54ebbfc6b2a407d9b"}
}
